2024-03-10 19:31:07,557 [Worker-4: Loading available Gradle versions] INFO  o.e.b.c.i.u.g.PublishedGradleVersions - Gradle version information cache is up-to-date. Trying to read.
2024-03-10 19:32:05,741 [Worker-5: Building] INFO  o.e.m.c.i.l.LifecycleMappingFactory - Using org.eclipse.m2e.jdt.JarLifecycleMapping lifecycle mapping for MavenProject: com.jsp.hibernate.grooming:Action_MovieDB_ManyToMany:0.0.1-SNAPSHOT @ C:\Users\AMARENDRA\eclipse-workspace-hibernate_grooming\Action_MovieDB_ManyToMany\pom.xml.
2024-03-10 19:32:07,019 [Worker-5: Building] INFO  o.a.m.s.f.DefaultMavenResourcesFiltering - Copying 0 resource from src\main\resources to target\classes
2024-03-10 19:32:07,028 [Worker-5: Building] INFO  o.a.m.s.f.DefaultMavenResourcesFiltering - Copying 1 resource from src\test\resources to target\test-classes
2024-03-10 19:32:08,422 [Worker-6: Building] INFO  o.e.m.c.i.l.LifecycleMappingFactory - Using org.eclipse.m2e.jdt.JarLifecycleMapping lifecycle mapping for MavenProject: com.jsp.servlet.grooming:Hibernate_OneToMany_Bi-dirctional:0.0.1-SNAPSHOT @ C:\Users\AMARENDRA\eclipse-workspace-hibernate_grooming\Hibernate_OneToMany_Bi-dirctional\pom.xml.
2024-03-10 19:32:08,751 [Worker-6: Building] INFO  o.a.m.s.f.DefaultMavenResourcesFiltering - Copying 0 resource from src\main\resources to target\classes
2024-03-10 19:32:08,755 [Worker-6: Building] INFO  o.a.m.s.f.DefaultMavenResourcesFiltering - Copying 0 resource from src\test\resources to target\test-classes
2024-03-10 19:32:09,674 [Worker-6: Building] INFO  o.e.m.c.i.l.LifecycleMappingFactory - Using org.eclipse.m2e.jdt.JarLifecycleMapping lifecycle mapping for MavenProject: com.jsp.servlet.grooming:Hibernate_QueryInterface_Product_db:0.0.1-SNAPSHOT @ C:\Users\AMARENDRA\eclipse-workspace-hibernate_grooming\Hibernate_QueryInterface_Product_db\pom.xml.
2024-03-10 19:32:10,081 [Worker-6: Building] INFO  o.a.m.s.f.DefaultMavenResourcesFiltering - Copying 0 resource from src\main\resources to target\classes
2024-03-10 19:32:10,086 [Worker-6: Building] INFO  o.a.m.s.f.DefaultMavenResourcesFiltering - Copying 0 resource from src\test\resources to target\test-classes
2024-03-10 19:34:42,539 [Worker-1: Building] INFO  o.a.m.s.f.DefaultMavenResourcesFiltering - Copying 0 resource from src\main\resources to target\classes
2024-03-10 19:34:42,544 [Worker-1: Building] INFO  o.a.m.s.f.DefaultMavenResourcesFiltering - Copying 0 resource from src\test\resources to target\test-classes
2024-03-10 19:37:17,876 [Worker-2: Building] INFO  o.a.m.s.f.DefaultMavenResourcesFiltering - Copying 0 resource from src\main\resources to target\classes
2024-03-10 19:37:17,880 [Worker-2: Building] INFO  o.a.m.s.f.DefaultMavenResourcesFiltering - Copying 0 resource from src\test\resources to target\test-classes
2024-03-10 19:38:57,897 [Worker-0: Building] INFO  o.a.m.s.f.DefaultMavenResourcesFiltering - Copying 0 resource from src\main\resources to target\classes
2024-03-10 19:38:57,900 [Worker-0: Building] INFO  o.a.m.s.f.DefaultMavenResourcesFiltering - Copying 0 resource from src\test\resources to target\test-classes
2024-03-10 20:36:19,511 [Worker-13: Launching mavenrun-e8562780-a97e-4280-ac3e-7b75460e88a3] INFO  o.eclipse.m2e.core.internal.Bundles - getClasspathEntries(Bundle=org.eclipse.m2e.maven.runtime_3.9.400.20230826-0755 [623])
2024-03-10 20:36:19,514 [Worker-13: Launching mavenrun-e8562780-a97e-4280-ac3e-7b75460e88a3] INFO  o.eclipse.m2e.core.internal.Bundles - 	Entry: C:\Users\AMARENDRA\.p2\pool\plugins\org.eclipse.m2e.maven.runtime_3.9.400.20230826-0755
2024-03-10 20:36:19,514 [Worker-13: Launching mavenrun-e8562780-a97e-4280-ac3e-7b75460e88a3] INFO  o.eclipse.m2e.core.internal.Bundles - 	Entry: C:\Users\AMARENDRA\.p2\pool\plugins\org.eclipse.m2e.maven.runtime_3.9.400.20230826-0755\jars\aether-connector-okhttp-0.17.8.jar
2024-03-10 20:36:19,515 [Worker-13: Launching mavenrun-e8562780-a97e-4280-ac3e-7b75460e88a3] INFO  o.eclipse.m2e.core.internal.Bundles - 	Entry: C:\Users\AMARENDRA\.p2\pool\plugins\org.eclipse.m2e.maven.runtime_3.9.400.20230826-0755\jars\aopalliance-1.0.jar
2024-03-10 20:36:19,516 [Worker-13: Launching mavenrun-e8562780-a97e-4280-ac3e-7b75460e88a3] INFO  o.eclipse.m2e.core.internal.Bundles - 	Entry: C:\Users\AMARENDRA\.p2\pool\plugins\org.eclipse.m2e.maven.runtime_3.9.400.20230826-0755\jars\commons-lang3-3.12.0.jar
2024-03-10 20:36:19,516 [Worker-13: Launching mavenrun-e8562780-a97e-4280-ac3e-7b75460e88a3] INFO  o.eclipse.m2e.core.internal.Bundles - 	Entry: C:\Users\AMARENDRA\.p2\pool\plugins\org.eclipse.m2e.maven.runtime_3.9.400.20230826-0755\jars\guice-5.1.0.jar
2024-03-10 20:36:19,517 [Worker-13: Launching mavenrun-e8562780-a97e-4280-ac3e-7b75460e88a3] INFO  o.eclipse.m2e.core.internal.Bundles - 	Entry: C:\Users\AMARENDRA\.p2\pool\plugins\org.eclipse.m2e.maven.runtime_3.9.400.20230826-0755\jars\jansi-2.4.0.jar
2024-03-10 20:36:19,517 [Worker-13: Launching mavenrun-e8562780-a97e-4280-ac3e-7b75460e88a3] INFO  o.eclipse.m2e.core.internal.Bundles - 	Entry: C:\Users\AMARENDRA\.p2\pool\plugins\org.eclipse.m2e.maven.runtime_3.9.400.20230826-0755\jars\maven-artifact-3.9.4.jar
2024-03-10 20:36:19,518 [Worker-13: Launching mavenrun-e8562780-a97e-4280-ac3e-7b75460e88a3] INFO  o.eclipse.m2e.core.internal.Bundles - 	Entry: C:\Users\AMARENDRA\.p2\pool\plugins\org.eclipse.m2e.maven.runtime_3.9.400.20230826-0755\jars\maven-builder-support-3.9.4.jar
2024-03-10 20:36:19,518 [Worker-13: Launching mavenrun-e8562780-a97e-4280-ac3e-7b75460e88a3] INFO  o.eclipse.m2e.core.internal.Bundles - 	Entry: C:\Users\AMARENDRA\.p2\pool\plugins\org.eclipse.m2e.maven.runtime_3.9.400.20230826-0755\jars\maven-compat-3.9.4.jar
2024-03-10 20:36:19,518 [Worker-13: Launching mavenrun-e8562780-a97e-4280-ac3e-7b75460e88a3] INFO  o.eclipse.m2e.core.internal.Bundles - 	Entry: C:\Users\AMARENDRA\.p2\pool\plugins\org.eclipse.m2e.maven.runtime_3.9.400.20230826-0755\jars\maven-core-3.9.4.jar
2024-03-10 20:36:19,518 [Worker-13: Launching mavenrun-e8562780-a97e-4280-ac3e-7b75460e88a3] INFO  o.eclipse.m2e.core.internal.Bundles - 	Entry: C:\Users\AMARENDRA\.p2\pool\plugins\org.eclipse.m2e.maven.runtime_3.9.400.20230826-0755\jars\maven-embedder-3.9.4.jar
2024-03-10 20:36:19,518 [Worker-13: Launching mavenrun-e8562780-a97e-4280-ac3e-7b75460e88a3] INFO  o.eclipse.m2e.core.internal.Bundles - 	Entry: C:\Users\AMARENDRA\.p2\pool\plugins\org.eclipse.m2e.maven.runtime_3.9.400.20230826-0755\jars\maven-model-3.9.4.jar
2024-03-10 20:36:19,520 [Worker-13: Launching mavenrun-e8562780-a97e-4280-ac3e-7b75460e88a3] INFO  o.eclipse.m2e.core.internal.Bundles - 	Entry: C:\Users\AMARENDRA\.p2\pool\plugins\org.eclipse.m2e.maven.runtime_3.9.400.20230826-0755\jars\maven-model-builder-3.9.4.jar
2024-03-10 20:36:19,522 [Worker-13: Launching mavenrun-e8562780-a97e-4280-ac3e-7b75460e88a3] INFO  o.eclipse.m2e.core.internal.Bundles - 	Entry: C:\Users\AMARENDRA\.p2\pool\plugins\org.eclipse.m2e.maven.runtime_3.9.400.20230826-0755\jars\maven-plugin-api-3.9.4.jar
2024-03-10 20:36:19,522 [Worker-13: Launching mavenrun-e8562780-a97e-4280-ac3e-7b75460e88a3] INFO  o.eclipse.m2e.core.internal.Bundles - 	Entry: C:\Users\AMARENDRA\.p2\pool\plugins\org.eclipse.m2e.maven.runtime_3.9.400.20230826-0755\jars\maven-repository-metadata-3.9.4.jar
2024-03-10 20:36:19,522 [Worker-13: Launching mavenrun-e8562780-a97e-4280-ac3e-7b75460e88a3] INFO  o.eclipse.m2e.core.internal.Bundles - 	Entry: C:\Users\AMARENDRA\.p2\pool\plugins\org.eclipse.m2e.maven.runtime_3.9.400.20230826-0755\jars\maven-resolver-api-1.9.14.jar
2024-03-10 20:36:19,523 [Worker-13: Launching mavenrun-e8562780-a97e-4280-ac3e-7b75460e88a3] INFO  o.eclipse.m2e.core.internal.Bundles - 	Entry: C:\Users\AMARENDRA\.p2\pool\plugins\org.eclipse.m2e.maven.runtime_3.9.400.20230826-0755\jars\maven-resolver-connector-basic-1.9.14.jar
2024-03-10 20:36:19,523 [Worker-13: Launching mavenrun-e8562780-a97e-4280-ac3e-7b75460e88a3] INFO  o.eclipse.m2e.core.internal.Bundles - 	Entry: C:\Users\AMARENDRA\.p2\pool\plugins\org.eclipse.m2e.maven.runtime_3.9.400.20230826-0755\jars\maven-resolver-impl-1.9.14.jar
2024-03-10 20:36:19,523 [Worker-13: Launching mavenrun-e8562780-a97e-4280-ac3e-7b75460e88a3] INFO  o.eclipse.m2e.core.internal.Bundles - 	Entry: C:\Users\AMARENDRA\.p2\pool\plugins\org.eclipse.m2e.maven.runtime_3.9.400.20230826-0755\jars\maven-resolver-named-locks-1.9.14.jar
2024-03-10 20:36:19,524 [Worker-13: Launching mavenrun-e8562780-a97e-4280-ac3e-7b75460e88a3] INFO  o.eclipse.m2e.core.internal.Bundles - 	Entry: C:\Users\AMARENDRA\.p2\pool\plugins\org.eclipse.m2e.maven.runtime_3.9.400.20230826-0755\jars\maven-resolver-provider-3.9.4.jar
2024-03-10 20:36:19,526 [Worker-13: Launching mavenrun-e8562780-a97e-4280-ac3e-7b75460e88a3] INFO  o.eclipse.m2e.core.internal.Bundles - 	Entry: C:\Users\AMARENDRA\.p2\pool\plugins\org.eclipse.m2e.maven.runtime_3.9.400.20230826-0755\jars\maven-resolver-spi-1.9.14.jar
2024-03-10 20:36:19,527 [Worker-13: Launching mavenrun-e8562780-a97e-4280-ac3e-7b75460e88a3] INFO  o.eclipse.m2e.core.internal.Bundles - 	Entry: C:\Users\AMARENDRA\.p2\pool\plugins\org.eclipse.m2e.maven.runtime_3.9.400.20230826-0755\jars\maven-resolver-transport-wagon-1.9.14.jar
2024-03-10 20:36:19,527 [Worker-13: Launching mavenrun-e8562780-a97e-4280-ac3e-7b75460e88a3] INFO  o.eclipse.m2e.core.internal.Bundles - 	Entry: C:\Users\AMARENDRA\.p2\pool\plugins\org.eclipse.m2e.maven.runtime_3.9.400.20230826-0755\jars\maven-resolver-util-1.9.14.jar
2024-03-10 20:36:19,527 [Worker-13: Launching mavenrun-e8562780-a97e-4280-ac3e-7b75460e88a3] INFO  o.eclipse.m2e.core.internal.Bundles - 	Entry: C:\Users\AMARENDRA\.p2\pool\plugins\org.eclipse.m2e.maven.runtime_3.9.400.20230826-0755\jars\maven-settings-3.9.4.jar
2024-03-10 20:36:19,528 [Worker-13: Launching mavenrun-e8562780-a97e-4280-ac3e-7b75460e88a3] INFO  o.eclipse.m2e.core.internal.Bundles - 	Entry: C:\Users\AMARENDRA\.p2\pool\plugins\org.eclipse.m2e.maven.runtime_3.9.400.20230826-0755\jars\maven-settings-builder-3.9.4.jar
2024-03-10 20:36:19,528 [Worker-13: Launching mavenrun-e8562780-a97e-4280-ac3e-7b75460e88a3] INFO  o.eclipse.m2e.core.internal.Bundles - 	Entry: C:\Users\AMARENDRA\.p2\pool\plugins\org.eclipse.m2e.maven.runtime_3.9.400.20230826-0755\jars\maven-shared-utils-3.3.4.jar
2024-03-10 20:36:19,529 [Worker-13: Launching mavenrun-e8562780-a97e-4280-ac3e-7b75460e88a3] INFO  o.eclipse.m2e.core.internal.Bundles - 	Entry: C:\Users\AMARENDRA\.p2\pool\plugins\org.eclipse.m2e.maven.runtime_3.9.400.20230826-0755\jars\okhttp-3.14.1.jar
2024-03-10 20:36:19,529 [Worker-13: Launching mavenrun-e8562780-a97e-4280-ac3e-7b75460e88a3] INFO  o.eclipse.m2e.core.internal.Bundles - 	Entry: C:\Users\AMARENDRA\.p2\pool\plugins\org.eclipse.m2e.maven.runtime_3.9.400.20230826-0755\jars\okio-1.17.3.jar
2024-03-10 20:36:19,529 [Worker-13: Launching mavenrun-e8562780-a97e-4280-ac3e-7b75460e88a3] INFO  o.eclipse.m2e.core.internal.Bundles - 	Entry: C:\Users\AMARENDRA\.p2\pool\plugins\org.eclipse.m2e.maven.runtime_3.9.400.20230826-0755\jars\org.eclipse.sisu.inject-0.3.5.jar
2024-03-10 20:36:19,530 [Worker-13: Launching mavenrun-e8562780-a97e-4280-ac3e-7b75460e88a3] INFO  o.eclipse.m2e.core.internal.Bundles - 	Entry: C:\Users\AMARENDRA\.p2\pool\plugins\org.eclipse.m2e.maven.runtime_3.9.400.20230826-0755\jars\org.eclipse.sisu.plexus-0.3.5.jar
2024-03-10 20:36:19,530 [Worker-13: Launching mavenrun-e8562780-a97e-4280-ac3e-7b75460e88a3] INFO  o.eclipse.m2e.core.internal.Bundles - 	Entry: C:\Users\AMARENDRA\.p2\pool\plugins\org.eclipse.m2e.maven.runtime_3.9.400.20230826-0755\jars\plexus-build-api-0.0.7.jar
2024-03-10 20:36:19,531 [Worker-13: Launching mavenrun-e8562780-a97e-4280-ac3e-7b75460e88a3] INFO  o.eclipse.m2e.core.internal.Bundles - 	Entry: C:\Users\AMARENDRA\.p2\pool\plugins\org.eclipse.m2e.maven.runtime_3.9.400.20230826-0755\jars\plexus-cipher-2.0.jar
2024-03-10 20:36:19,531 [Worker-13: Launching mavenrun-e8562780-a97e-4280-ac3e-7b75460e88a3] INFO  o.eclipse.m2e.core.internal.Bundles - 	Entry: C:\Users\AMARENDRA\.p2\pool\plugins\org.eclipse.m2e.maven.runtime_3.9.400.20230826-0755\jars\plexus-classworlds-2.7.0.jar
2024-03-10 20:36:19,532 [Worker-13: Launching mavenrun-e8562780-a97e-4280-ac3e-7b75460e88a3] INFO  o.eclipse.m2e.core.internal.Bundles - 	Entry: C:\Users\AMARENDRA\.p2\pool\plugins\org.eclipse.m2e.maven.runtime_3.9.400.20230826-0755\jars\plexus-component-annotations-2.1.0.jar
2024-03-10 20:36:19,533 [Worker-13: Launching mavenrun-e8562780-a97e-4280-ac3e-7b75460e88a3] INFO  o.eclipse.m2e.core.internal.Bundles - 	Entry: C:\Users\AMARENDRA\.p2\pool\plugins\org.eclipse.m2e.maven.runtime_3.9.400.20230826-0755\jars\plexus-interpolation-1.26.jar
2024-03-10 20:36:19,534 [Worker-13: Launching mavenrun-e8562780-a97e-4280-ac3e-7b75460e88a3] INFO  o.eclipse.m2e.core.internal.Bundles - 	Entry: C:\Users\AMARENDRA\.p2\pool\plugins\org.eclipse.m2e.maven.runtime_3.9.400.20230826-0755\jars\plexus-sec-dispatcher-2.0.jar
2024-03-10 20:36:19,535 [Worker-13: Launching mavenrun-e8562780-a97e-4280-ac3e-7b75460e88a3] INFO  o.eclipse.m2e.core.internal.Bundles - 	Entry: C:\Users\AMARENDRA\.p2\pool\plugins\org.eclipse.m2e.maven.runtime_3.9.400.20230826-0755\jars\plexus-utils-3.5.1.jar
2024-03-10 20:36:19,539 [Worker-13: Launching mavenrun-e8562780-a97e-4280-ac3e-7b75460e88a3] INFO  o.eclipse.m2e.core.internal.Bundles - 	Entry: C:\Users\AMARENDRA\.p2\pool\plugins\org.eclipse.m2e.maven.runtime_3.9.400.20230826-0755\jars\wagon-file-3.5.3.jar
2024-03-10 20:36:19,540 [Worker-13: Launching mavenrun-e8562780-a97e-4280-ac3e-7b75460e88a3] INFO  o.eclipse.m2e.core.internal.Bundles - 	Entry: C:\Users\AMARENDRA\.p2\pool\plugins\org.eclipse.m2e.maven.runtime_3.9.400.20230826-0755\jars\wagon-provider-api-3.5.3.jar
2024-03-10 20:36:19,541 [Worker-13: Launching mavenrun-e8562780-a97e-4280-ac3e-7b75460e88a3] INFO  o.eclipse.m2e.core.internal.Bundles - getClasspathEntries(Bundle=com.google.guava_32.1.2.jre [12])
2024-03-10 20:36:19,542 [Worker-13: Launching mavenrun-e8562780-a97e-4280-ac3e-7b75460e88a3] INFO  o.eclipse.m2e.core.internal.Bundles - 	Entry: C:\Users\AMARENDRA\.p2\pool\plugins\com.google.guava_32.1.2.jre.jar
2024-03-10 20:36:19,542 [Worker-13: Launching mavenrun-e8562780-a97e-4280-ac3e-7b75460e88a3] INFO  o.eclipse.m2e.core.internal.Bundles - getClasspathEntries(Bundle=slf4j.api_2.0.9 [984])
2024-03-10 20:36:19,543 [Worker-13: Launching mavenrun-e8562780-a97e-4280-ac3e-7b75460e88a3] INFO  o.eclipse.m2e.core.internal.Bundles - 	Entry: C:\Users\AMARENDRA\.p2\pool\plugins\slf4j.api_2.0.9.jar
2024-03-10 20:36:19,543 [Worker-13: Launching mavenrun-e8562780-a97e-4280-ac3e-7b75460e88a3] INFO  o.eclipse.m2e.core.internal.Bundles - getClasspathEntries(Bundle=javax.inject_1.0.0.v20220405-0441 [38])
2024-03-10 20:36:19,544 [Worker-13: Launching mavenrun-e8562780-a97e-4280-ac3e-7b75460e88a3] INFO  o.eclipse.m2e.core.internal.Bundles - 	Entry: C:\Users\AMARENDRA\.p2\pool\plugins\javax.inject_1.0.0.v20220405-0441.jar
2024-03-10 20:36:19,544 [Worker-13: Launching mavenrun-e8562780-a97e-4280-ac3e-7b75460e88a3] INFO  o.eclipse.m2e.core.internal.Bundles - getClasspathEntries(Bundle=javax.annotation_1.3.5.v20200909-1856 [36])
2024-03-10 20:36:19,544 [Worker-13: Launching mavenrun-e8562780-a97e-4280-ac3e-7b75460e88a3] INFO  o.eclipse.m2e.core.internal.Bundles - 	Entry: C:\Users\AMARENDRA\.p2\pool\plugins\javax.annotation_1.3.5.v20200909-1856.jar
2024-03-10 20:36:19,544 [Worker-13: Launching mavenrun-e8562780-a97e-4280-ac3e-7b75460e88a3] INFO  o.eclipse.m2e.core.internal.Bundles - getClasspathEntries(Bundle=org.apache.commons.cli_1.5.0 [73])
2024-03-10 20:36:19,545 [Worker-13: Launching mavenrun-e8562780-a97e-4280-ac3e-7b75460e88a3] INFO  o.eclipse.m2e.core.internal.Bundles - 	Entry: C:\Users\AMARENDRA\.p2\pool\plugins\org.apache.commons.cli_1.5.0.jar
2024-03-10 20:36:19,545 [Worker-13: Launching mavenrun-e8562780-a97e-4280-ac3e-7b75460e88a3] INFO  o.eclipse.m2e.core.internal.Bundles - getClasspathEntries(Bundle=com.google.guava.failureaccess_1.0.1 [14])
2024-03-10 20:36:19,545 [Worker-13: Launching mavenrun-e8562780-a97e-4280-ac3e-7b75460e88a3] INFO  o.eclipse.m2e.core.internal.Bundles - 	Entry: C:\Users\AMARENDRA\.p2\pool\plugins\com.google.guava.failureaccess_1.0.1.jar
2024-03-10 20:36:19,551 [Worker-13: Launching mavenrun-e8562780-a97e-4280-ac3e-7b75460e88a3] INFO  o.e.m.i.launch.MavenLaunchDelegate - Run build in "C:\Users\AMAREN~1\AppData\Local\Temp\m2e-archetypeGenerator1131575936492040450":
2024-03-10 20:36:19,555 [Worker-13: Launching mavenrun-e8562780-a97e-4280-ac3e-7b75460e88a3] INFO  o.e.m.i.launch.MavenLaunchDelegate -  mvn  -DarchetypeGroupId=org.apache.maven.archetypes -DarchetypeArtifactId=maven-archetype-quickstart -DarchetypeVersion=1.1 -DgroupId=com.amar.hibernate -DartifactId=Country_State_Project -Dversion=0.0.1-SNAPSHOT -Dpackage=com.amar.hibernate.Country_State_Project -DoutputDirectory=C:\Users\AMARENDRA\eclipse-workspace-hibernate_grooming -Dstyle.color=always -U archetype:generate
2024-03-10 20:36:37,342 [Worker-19: Creating maven-archetype-quickstart] INFO  o.e.m.c.i.p.ProjectConfigurationManager - Collecting project info '/pom.xml' C:\Users\AMARENDRA\eclipse-workspace-hibernate_grooming\Country_State_Project\pom.xml
2024-03-10 20:36:37,464 [Worker-19: Creating maven-archetype-quickstart] INFO  o.e.m.c.i.l.LifecycleMappingFactory - Using org.eclipse.m2e.jdt.JarLifecycleMapping lifecycle mapping for MavenProject: com.amar.hibernate:Country_State_Project:0.0.1-SNAPSHOT @ C:\Users\AMARENDRA\eclipse-workspace-hibernate_grooming\Country_State_Project\pom.xml.
2024-03-10 20:36:38,026 [Worker-19: Creating maven-archetype-quickstart] INFO  o.e.m.j.i.AbstractJavaProjectConfigurator - Adding source folder /Country_State_Project/src/main/java
2024-03-10 20:36:38,028 [Worker-19: Creating maven-archetype-quickstart] INFO  o.e.m.j.i.AbstractJavaProjectConfigurator - Adding resource folder /Country_State_Project/src/main/resources
2024-03-10 20:36:38,041 [Worker-19: Creating maven-archetype-quickstart] INFO  o.e.m.j.i.AbstractJavaProjectConfigurator - Adding source folder /Country_State_Project/src/test/java
2024-03-10 20:36:38,041 [Worker-19: Creating maven-archetype-quickstart] INFO  o.e.m.j.i.AbstractJavaProjectConfigurator - Adding resource folder /Country_State_Project/src/test/resources
2024-03-10 20:36:38,185 [Worker-19: Creating maven-archetype-quickstart] INFO  o.e.m.c.i.p.ProjectConfigurationManager - Imported and configured 1 project(s) in 0 sec
2024-03-10 20:36:38,772 [Worker-18: Building] INFO  o.a.m.s.f.DefaultMavenResourcesFiltering - skip non existing resourceDirectory C:\Users\AMARENDRA\eclipse-workspace-hibernate_grooming\Country_State_Project\src\main\resources
2024-03-10 20:36:38,775 [Worker-18: Building] INFO  o.a.m.s.f.DefaultMavenResourcesFiltering - skip non existing resourceDirectory C:\Users\AMARENDRA\eclipse-workspace-hibernate_grooming\Country_State_Project\src\test\resources
2024-03-10 20:36:58,353 [Worker-22: Building] INFO  o.a.m.s.f.DefaultMavenResourcesFiltering - Copying 0 resource from src\main\resources to target\classes
2024-03-10 20:36:58,358 [Worker-22: Building] INFO  o.a.m.s.f.DefaultMavenResourcesFiltering - Copying 0 resource from src\test\resources to target\test-classes
2024-03-10 20:39:19,863 [Worker-20: Building] INFO  o.e.m.c.i.l.LifecycleMappingFactory - Using org.eclipse.m2e.jdt.JarLifecycleMapping lifecycle mapping for MavenProject: com.amar.hibernate:Country_State_Project:0.0.1-SNAPSHOT @ C:\Users\AMARENDRA\eclipse-workspace-hibernate_grooming\Country_State_Project\pom.xml.
2024-03-10 20:39:20,250 [Worker-20: Building] INFO  o.a.m.s.f.DefaultMavenResourcesFiltering - Copying 0 resource from src\main\resources to target\classes
2024-03-10 20:39:20,253 [Worker-20: Building] INFO  o.a.m.s.f.DefaultMavenResourcesFiltering - Copying 0 resource from src\test\resources to target\test-classes
2024-03-10 20:41:01,962 [main] INFO  org.hibernate.cfg.Environment - Hibernate 3.5.6-Final
2024-03-10 20:41:01,989 [main] INFO  org.hibernate.cfg.Environment - hibernate.properties not found
2024-03-10 20:41:01,992 [main] INFO  org.hibernate.cfg.Environment - Bytecode provider name : javassist
2024-03-10 20:41:01,996 [main] INFO  org.hibernate.cfg.Environment - using JDK 1.4 java.sql.Timestamp handling
2024-03-10 20:42:13,550 [Worker-25: Building] INFO  o.a.m.s.f.DefaultMavenResourcesFiltering - Copying 0 resource from src\main\resources to target\classes
2024-03-10 20:42:13,556 [Worker-25: Building] INFO  o.a.m.s.f.DefaultMavenResourcesFiltering - Copying 0 resource from src\test\resources to target\test-classes
2024-03-10 20:44:29,887 [Worker-25: Building] INFO  o.a.m.s.f.DefaultMavenResourcesFiltering - Copying 0 resource from src\main\resources to target\classes
2024-03-10 20:44:29,892 [Worker-25: Building] INFO  o.a.m.s.f.DefaultMavenResourcesFiltering - Copying 0 resource from src\test\resources to target\test-classes
2024-03-10 20:45:31,814 [Worker-24: Building] INFO  o.a.m.s.f.DefaultMavenResourcesFiltering - Copying 0 resource from src\main\resources to target\classes
2024-03-10 20:45:31,818 [Worker-24: Building] INFO  o.a.m.s.f.DefaultMavenResourcesFiltering - Copying 0 resource from src\test\resources to target\test-classes
2024-03-10 20:46:40,611 [Worker-25: Building] INFO  o.a.m.s.f.DefaultMavenResourcesFiltering - Copying 0 resource from src\main\resources to target\classes
2024-03-10 20:46:40,615 [Worker-25: Building] INFO  o.a.m.s.f.DefaultMavenResourcesFiltering - Copying 0 resource from src\test\resources to target\test-classes
2024-03-10 20:46:50,184 [Worker-26: Building] INFO  o.a.m.s.f.DefaultMavenResourcesFiltering - Copying 0 resource from src\main\resources to target\classes
2024-03-10 20:46:50,193 [Worker-26: Building] INFO  o.a.m.s.f.DefaultMavenResourcesFiltering - Copying 0 resource from src\test\resources to target\test-classes
2024-03-10 20:53:59,147 [Worker-26: Building] INFO  o.a.m.s.f.DefaultMavenResourcesFiltering - Copying 0 resource from src\main\resources to target\classes
2024-03-10 20:53:59,150 [Worker-26: Building] INFO  o.a.m.s.f.DefaultMavenResourcesFiltering - Copying 0 resource from src\test\resources to target\test-classes
2024-03-10 20:54:36,870 [Worker-29: Building] INFO  o.a.m.s.f.DefaultMavenResourcesFiltering - Copying 0 resource from src\main\resources to target\classes
2024-03-10 20:54:36,874 [Worker-29: Building] INFO  o.a.m.s.f.DefaultMavenResourcesFiltering - Copying 0 resource from src\test\resources to target\test-classes
2024-03-10 20:55:54,878 [Worker-31: Building] INFO  o.a.m.s.f.DefaultMavenResourcesFiltering - Copying 0 resource from src\main\resources to target\classes
2024-03-10 20:55:54,881 [Worker-31: Building] INFO  o.a.m.s.f.DefaultMavenResourcesFiltering - Copying 0 resource from src\test\resources to target\test-classes
2024-03-10 20:56:14,083 [Worker-29: Building] INFO  o.a.m.s.f.DefaultMavenResourcesFiltering - Copying 0 resource from src\main\resources to target\classes
2024-03-10 20:56:14,086 [Worker-29: Building] INFO  o.a.m.s.f.DefaultMavenResourcesFiltering - Copying 0 resource from src\test\resources to target\test-classes
2024-03-10 20:56:48,086 [Worker-24: Building] INFO  o.a.m.s.f.DefaultMavenResourcesFiltering - Copying 0 resource from src\main\resources to target\classes
2024-03-10 20:56:48,088 [Worker-24: Building] INFO  o.a.m.s.f.DefaultMavenResourcesFiltering - Copying 0 resource from src\test\resources to target\test-classes
2024-03-10 20:58:05,865 [Worker-20: Building] INFO  o.a.m.s.f.DefaultMavenResourcesFiltering - Copying 0 resource from src\main\resources to target\classes
2024-03-10 20:58:05,869 [Worker-20: Building] INFO  o.a.m.s.f.DefaultMavenResourcesFiltering - Copying 0 resource from src\test\resources to target\test-classes
2024-03-10 21:16:00,710 [Worker-32: Building] INFO  o.a.m.s.f.DefaultMavenResourcesFiltering - Copying 0 resource from src\main\resources to target\classes
2024-03-10 21:16:00,714 [Worker-32: Building] INFO  o.a.m.s.f.DefaultMavenResourcesFiltering - Copying 0 resource from src\test\resources to target\test-classes
2024-03-10 21:17:51,389 [Worker-33: Building] INFO  o.a.m.s.f.DefaultMavenResourcesFiltering - Copying 0 resource from src\main\resources to target\classes
2024-03-10 21:17:51,394 [Worker-33: Building] INFO  o.a.m.s.f.DefaultMavenResourcesFiltering - Copying 0 resource from src\test\resources to target\test-classes
2024-03-10 21:22:21,894 [Worker-29: Building] INFO  o.a.m.s.f.DefaultMavenResourcesFiltering - Copying 0 resource from src\main\resources to target\classes
2024-03-10 21:22:21,898 [Worker-29: Building] INFO  o.a.m.s.f.DefaultMavenResourcesFiltering - Copying 0 resource from src\test\resources to target\test-classes
2024-03-10 21:24:41,761 [Worker-33: Building] INFO  o.a.m.s.f.DefaultMavenResourcesFiltering - Copying 0 resource from src\main\resources to target\classes
2024-03-10 21:24:41,765 [Worker-33: Building] INFO  o.a.m.s.f.DefaultMavenResourcesFiltering - Copying 0 resource from src\test\resources to target\test-classes
2024-03-10 21:26:27,562 [Worker-33: Building] INFO  o.a.m.s.f.DefaultMavenResourcesFiltering - Copying 0 resource from src\main\resources to target\classes
2024-03-10 21:26:27,566 [Worker-33: Building] INFO  o.a.m.s.f.DefaultMavenResourcesFiltering - Copying 0 resource from src\test\resources to target\test-classes
2024-03-11 18:39:10,905 [Worker-1: Loading available Gradle versions] INFO  o.e.b.c.i.u.g.PublishedGradleVersions - Gradle version information cache is out-of-date. Trying to update.
2024-03-11 18:54:38,098 [Worker-15: Building] INFO  o.a.m.s.f.DefaultMavenResourcesFiltering - Copying 0 resource from src\main\resources to target\classes
2024-03-11 18:54:38,107 [Worker-15: Building] INFO  o.a.m.s.f.DefaultMavenResourcesFiltering - Copying 0 resource from src\test\resources to target\test-classes
2024-03-11 18:56:50,561 [Worker-16: Building] INFO  o.a.m.s.f.DefaultMavenResourcesFiltering - Copying 0 resource from src\main\resources to target\classes
2024-03-11 18:56:50,566 [Worker-16: Building] INFO  o.a.m.s.f.DefaultMavenResourcesFiltering - Copying 0 resource from src\test\resources to target\test-classes
2024-03-11 19:07:57,164 [Worker-20: Building] INFO  o.a.m.s.f.DefaultMavenResourcesFiltering - Copying 0 resource from src\main\resources to target\classes
2024-03-11 19:07:57,168 [Worker-20: Building] INFO  o.a.m.s.f.DefaultMavenResourcesFiltering - Copying 0 resource from src\test\resources to target\test-classes
2024-03-11 19:11:17,293 [Worker-22: Building] INFO  o.a.m.s.f.DefaultMavenResourcesFiltering - Copying 0 resource from src\main\resources to target\classes
2024-03-11 19:11:17,297 [Worker-22: Building] INFO  o.a.m.s.f.DefaultMavenResourcesFiltering - Copying 0 resource from src\test\resources to target\test-classes
2024-03-11 19:11:22,371 [Worker-20: Launching App (1)] INFO  o.a.m.s.f.DefaultMavenResourcesFiltering - Copying 0 resource from src\main\resources to target\classes
2024-03-11 19:11:22,375 [Worker-20: Launching App (1)] INFO  o.a.m.s.f.DefaultMavenResourcesFiltering - Copying 0 resource from src\test\resources to target\test-classes
2024-03-11 19:14:34,023 [Worker-20: Building] INFO  o.a.m.s.f.DefaultMavenResourcesFiltering - Copying 0 resource from src\main\resources to target\classes
2024-03-11 19:14:34,027 [Worker-20: Building] INFO  o.a.m.s.f.DefaultMavenResourcesFiltering - Copying 0 resource from src\test\resources to target\test-classes
2024-03-11 19:18:02,772 [Worker-5: Building] INFO  o.a.m.s.f.DefaultMavenResourcesFiltering - Copying 0 resource from src\main\resources to target\classes
2024-03-11 19:18:02,777 [Worker-5: Building] INFO  o.a.m.s.f.DefaultMavenResourcesFiltering - Copying 0 resource from src\test\resources to target\test-classes
2024-03-11 19:22:42,591 [Worker-22: Building] INFO  o.a.m.s.f.DefaultMavenResourcesFiltering - Copying 0 resource from src\main\resources to target\classes
2024-03-11 19:22:42,596 [Worker-22: Building] INFO  o.a.m.s.f.DefaultMavenResourcesFiltering - Copying 0 resource from src\test\resources to target\test-classes
2024-03-11 19:23:21,406 [Worker-21: Building] INFO  o.a.m.s.f.DefaultMavenResourcesFiltering - Copying 0 resource from src\main\resources to target\classes
2024-03-11 19:23:21,409 [Worker-21: Building] INFO  o.a.m.s.f.DefaultMavenResourcesFiltering - Copying 0 resource from src\test\resources to target\test-classes
2024-03-11 19:23:40,720 [Worker-5: Building] INFO  o.a.m.s.f.DefaultMavenResourcesFiltering - Copying 0 resource from src\main\resources to target\classes
2024-03-11 19:23:40,724 [Worker-5: Building] INFO  o.a.m.s.f.DefaultMavenResourcesFiltering - Copying 0 resource from src\test\resources to target\test-classes
2024-03-11 19:25:04,152 [Worker-21: Building] INFO  o.a.m.s.f.DefaultMavenResourcesFiltering - Copying 0 resource from src\main\resources to target\classes
2024-03-11 19:25:04,156 [Worker-21: Building] INFO  o.a.m.s.f.DefaultMavenResourcesFiltering - Copying 0 resource from src\test\resources to target\test-classes
2024-03-11 19:26:53,344 [Worker-5: Building] INFO  o.a.m.s.f.DefaultMavenResourcesFiltering - Copying 0 resource from src\main\resources to target\classes
2024-03-11 19:26:53,348 [Worker-5: Building] INFO  o.a.m.s.f.DefaultMavenResourcesFiltering - Copying 0 resource from src\test\resources to target\test-classes
2024-03-11 19:27:53,983 [Worker-21: Building] INFO  o.a.m.s.f.DefaultMavenResourcesFiltering - Copying 0 resource from src\main\resources to target\classes
2024-03-11 19:27:53,987 [Worker-21: Building] INFO  o.a.m.s.f.DefaultMavenResourcesFiltering - Copying 0 resource from src\test\resources to target\test-classes
2024-03-11 19:28:12,446 [Worker-5: Building] INFO  o.a.m.s.f.DefaultMavenResourcesFiltering - Copying 0 resource from src\main\resources to target\classes
2024-03-11 19:28:12,450 [Worker-5: Building] INFO  o.a.m.s.f.DefaultMavenResourcesFiltering - Copying 0 resource from src\test\resources to target\test-classes
2024-03-11 19:30:13,168 [Worker-20: Building] INFO  o.a.m.s.f.DefaultMavenResourcesFiltering - Copying 0 resource from src\main\resources to target\classes
2024-03-11 19:30:13,172 [Worker-20: Building] INFO  o.a.m.s.f.DefaultMavenResourcesFiltering - Copying 0 resource from src\test\resources to target\test-classes
2024-03-11 19:33:08,131 [Worker-5: Launching App (1)] INFO  o.a.m.s.f.DefaultMavenResourcesFiltering - Copying 0 resource from src\main\resources to target\classes
2024-03-11 19:33:08,138 [Worker-5: Launching App (1)] INFO  o.a.m.s.f.DefaultMavenResourcesFiltering - Copying 0 resource from src\test\resources to target\test-classes
2024-03-11 19:36:07,517 [Worker-21: Building] INFO  o.a.m.s.f.DefaultMavenResourcesFiltering - Copying 0 resource from src\main\resources to target\classes
2024-03-11 19:36:07,521 [Worker-21: Building] INFO  o.a.m.s.f.DefaultMavenResourcesFiltering - Copying 0 resource from src\test\resources to target\test-classes
2024-03-11 19:37:51,606 [Worker-22: Building] INFO  o.a.m.s.f.DefaultMavenResourcesFiltering - Copying 0 resource from src\main\resources to target\classes
2024-03-11 19:37:51,611 [Worker-22: Building] INFO  o.a.m.s.f.DefaultMavenResourcesFiltering - Copying 0 resource from src\test\resources to target\test-classes
2024-03-11 19:45:56,299 [Worker-22: Building] INFO  o.a.m.s.f.DefaultMavenResourcesFiltering - Copying 0 resource from src\main\resources to target\classes
2024-03-11 19:45:56,303 [Worker-22: Building] INFO  o.a.m.s.f.DefaultMavenResourcesFiltering - Copying 0 resource from src\test\resources to target\test-classes
2024-03-11 19:46:49,052 [Worker-29: Building] INFO  o.a.m.s.f.DefaultMavenResourcesFiltering - Copying 0 resource from src\main\resources to target\classes
2024-03-11 19:46:49,056 [Worker-29: Building] INFO  o.a.m.s.f.DefaultMavenResourcesFiltering - Copying 0 resource from src\test\resources to target\test-classes
2024-03-11 19:50:46,821 [Worker-28: Building] INFO  o.a.m.s.f.DefaultMavenResourcesFiltering - Copying 0 resource from src\main\resources to target\classes
2024-03-11 19:50:46,825 [Worker-28: Building] INFO  o.a.m.s.f.DefaultMavenResourcesFiltering - Copying 0 resource from src\test\resources to target\test-classes
2024-03-11 19:54:40,126 [Worker-32: Building] INFO  o.a.m.s.f.DefaultMavenResourcesFiltering - Copying 0 resource from src\main\resources to target\classes
2024-03-11 19:54:40,130 [Worker-32: Building] INFO  o.a.m.s.f.DefaultMavenResourcesFiltering - Copying 0 resource from src\test\resources to target\test-classes
2024-03-11 19:59:16,758 [Worker-28: Building] INFO  o.a.m.s.f.DefaultMavenResourcesFiltering - Copying 0 resource from src\main\resources to target\classes
2024-03-11 19:59:16,761 [Worker-28: Building] INFO  o.a.m.s.f.DefaultMavenResourcesFiltering - Copying 0 resource from src\test\resources to target\test-classes
2024-03-11 19:59:49,253 [Worker-33: Building] INFO  o.a.m.s.f.DefaultMavenResourcesFiltering - Copying 0 resource from src\main\resources to target\classes
2024-03-11 19:59:49,256 [Worker-33: Building] INFO  o.a.m.s.f.DefaultMavenResourcesFiltering - Copying 0 resource from src\test\resources to target\test-classes
2024-03-11 20:03:03,915 [Worker-33: Building] INFO  o.a.m.s.f.DefaultMavenResourcesFiltering - Copying 0 resource from src\main\resources to target\classes
2024-03-11 20:03:03,918 [Worker-33: Building] INFO  o.a.m.s.f.DefaultMavenResourcesFiltering - Copying 0 resource from src\test\resources to target\test-classes
2024-03-11 20:04:19,810 [Worker-32: Building] INFO  o.a.m.s.f.DefaultMavenResourcesFiltering - Copying 0 resource from src\main\resources to target\classes
2024-03-11 20:04:19,814 [Worker-32: Building] INFO  o.a.m.s.f.DefaultMavenResourcesFiltering - Copying 0 resource from src\test\resources to target\test-classes
2024-03-11 20:05:06,168 [Worker-30: Building] INFO  o.a.m.s.f.DefaultMavenResourcesFiltering - Copying 0 resource from src\main\resources to target\classes
2024-03-11 20:05:06,172 [Worker-30: Building] INFO  o.a.m.s.f.DefaultMavenResourcesFiltering - Copying 0 resource from src\test\resources to target\test-classes
2024-03-11 20:05:59,361 [Worker-34: Building] INFO  o.a.m.s.f.DefaultMavenResourcesFiltering - Copying 0 resource from src\main\resources to target\classes
2024-03-11 20:05:59,365 [Worker-34: Building] INFO  o.a.m.s.f.DefaultMavenResourcesFiltering - Copying 0 resource from src\test\resources to target\test-classes
2024-03-11 20:06:23,495 [Worker-35: Building] INFO  o.a.m.s.f.DefaultMavenResourcesFiltering - Copying 0 resource from src\main\resources to target\classes
2024-03-11 20:06:23,498 [Worker-35: Building] INFO  o.a.m.s.f.DefaultMavenResourcesFiltering - Copying 0 resource from src\test\resources to target\test-classes
2024-03-11 20:07:26,381 [Worker-30: Building] INFO  o.a.m.s.f.DefaultMavenResourcesFiltering - Copying 0 resource from src\main\resources to target\classes
2024-03-11 20:07:26,384 [Worker-30: Building] INFO  o.a.m.s.f.DefaultMavenResourcesFiltering - Copying 0 resource from src\test\resources to target\test-classes
2024-03-11 20:09:47,550 [Worker-1: Loading available Gradle versions] INFO  o.e.b.c.i.u.g.PublishedGradleVersions - Gradle version information cache is up-to-date. Trying to read.
2024-03-11 20:13:39,842 [Worker-6: Updating Maven Project] INFO  o.e.m.c.i.p.ProjectConfigurationManager - Update started
2024-03-11 20:13:41,991 [Worker-6: Updating Maven Project] INFO  o.e.m.c.i.l.LifecycleMappingFactory - Using org.eclipse.m2e.jdt.JarLifecycleMapping lifecycle mapping for MavenProject: com.amar.hibernate:Country_State_Project:0.0.1-SNAPSHOT @ C:\Users\AMARENDRA\eclipse-workspace-hibernate_grooming\Country_State_Project\pom.xml.
2024-03-11 20:13:42,940 [Worker-6: Updating Maven Project] INFO  o.e.m.j.i.AbstractJavaProjectConfigurator - Adding source folder /Country_State_Project/src/main/java
2024-03-11 20:13:42,942 [Worker-6: Updating Maven Project] INFO  o.e.m.j.i.AbstractJavaProjectConfigurator - Adding resource folder /Country_State_Project/src/main/resources
2024-03-11 20:13:42,961 [Worker-6: Updating Maven Project] INFO  o.e.m.j.i.AbstractJavaProjectConfigurator - Adding source folder /Country_State_Project/src/test/java
2024-03-11 20:13:42,963 [Worker-6: Updating Maven Project] INFO  o.e.m.j.i.AbstractJavaProjectConfigurator - Adding resource folder /Country_State_Project/src/test/resources
2024-03-11 20:13:43,495 [Worker-6: Updating Maven Project] INFO  o.e.m.c.i.p.ProjectConfigurationManager - Update completed for 1 poms: local refresh takes 0.00 sec, refresh facades takes 2.00 sec, update config takes 0.00 sec 
2024-03-11 20:13:43,881 [Worker-11: Building] INFO  o.a.m.s.f.DefaultMavenResourcesFiltering - Copying 0 resource from src\main\resources to target\classes
2024-03-11 20:13:43,888 [Worker-11: Building] INFO  o.a.m.s.f.DefaultMavenResourcesFiltering - Copying 0 resource from src\test\resources to target\test-classes
2024-03-11 20:20:55,690 [Worker-12: Building] INFO  o.a.m.s.f.DefaultMavenResourcesFiltering - Copying 0 resource from src\main\resources to target\classes
2024-03-11 20:20:55,695 [Worker-12: Building] INFO  o.a.m.s.f.DefaultMavenResourcesFiltering - Copying 0 resource from src\test\resources to target\test-classes
2024-03-11 20:21:17,982 [Worker-13: Launching App (1)] INFO  o.a.m.s.f.DefaultMavenResourcesFiltering - Copying 0 resource from src\main\resources to target\classes
2024-03-11 20:21:17,987 [Worker-13: Launching App (1)] INFO  o.a.m.s.f.DefaultMavenResourcesFiltering - Copying 0 resource from src\test\resources to target\test-classes
2024-03-11 21:15:44,509 [Worker-18: Building] INFO  o.a.m.s.f.DefaultMavenResourcesFiltering - Copying 0 resource from src\main\resources to target\classes
2024-03-11 21:15:44,513 [Worker-18: Building] INFO  o.a.m.s.f.DefaultMavenResourcesFiltering - Copying 0 resource from src\test\resources to target\test-classes
2024-03-11 21:16:07,867 [Worker-21: Building] INFO  o.a.m.s.f.DefaultMavenResourcesFiltering - Copying 0 resource from src\main\resources to target\classes
2024-03-11 21:16:07,871 [Worker-21: Building] INFO  o.a.m.s.f.DefaultMavenResourcesFiltering - Copying 0 resource from src\test\resources to target\test-classes
2024-03-11 21:16:52,446 [Worker-17: Building] INFO  o.a.m.s.f.DefaultMavenResourcesFiltering - Copying 0 resource from src\main\resources to target\classes
2024-03-11 21:16:52,451 [Worker-17: Building] INFO  o.a.m.s.f.DefaultMavenResourcesFiltering - Copying 0 resource from src\test\resources to target\test-classes
2024-03-11 21:17:38,290 [Worker-17: Building] INFO  o.a.m.s.f.DefaultMavenResourcesFiltering - Copying 0 resource from src\main\resources to target\classes
2024-03-11 21:17:38,294 [Worker-17: Building] INFO  o.a.m.s.f.DefaultMavenResourcesFiltering - Copying 0 resource from src\test\resources to target\test-classes
2024-03-11 21:19:16,158 [Worker-23: Building] INFO  o.a.m.s.f.DefaultMavenResourcesFiltering - Copying 0 resource from src\main\resources to target\classes
2024-03-11 21:19:16,164 [Worker-23: Building] INFO  o.a.m.s.f.DefaultMavenResourcesFiltering - Copying 0 resource from src\test\resources to target\test-classes
2024-03-11 21:39:33,176 [Worker-24: Building] INFO  o.a.m.s.f.DefaultMavenResourcesFiltering - Copying 0 resource from src\main\resources to target\classes
2024-03-11 21:39:33,180 [Worker-24: Building] INFO  o.a.m.s.f.DefaultMavenResourcesFiltering - Copying 0 resource from src\test\resources to target\test-classes
2024-03-11 21:42:57,423 [Worker-25: Building] INFO  o.a.m.s.f.DefaultMavenResourcesFiltering - Copying 0 resource from src\main\resources to target\classes
2024-03-11 21:42:57,427 [Worker-25: Building] INFO  o.a.m.s.f.DefaultMavenResourcesFiltering - Copying 0 resource from src\test\resources to target\test-classes
2024-03-11 21:44:02,601 [Worker-25: Building] INFO  o.a.m.s.f.DefaultMavenResourcesFiltering - Copying 0 resource from src\main\resources to target\classes
2024-03-11 21:44:02,605 [Worker-25: Building] INFO  o.a.m.s.f.DefaultMavenResourcesFiltering - Copying 0 resource from src\test\resources to target\test-classes
2024-03-11 21:44:50,933 [Worker-26: Building] INFO  o.a.m.s.f.DefaultMavenResourcesFiltering - Copying 0 resource from src\main\resources to target\classes
2024-03-11 21:44:50,937 [Worker-26: Building] INFO  o.a.m.s.f.DefaultMavenResourcesFiltering - Copying 0 resource from src\test\resources to target\test-classes
2024-03-11 21:45:08,439 [Worker-0: Loading available Gradle versions] INFO  o.e.b.c.i.u.g.PublishedGradleVersions - Gradle version information cache is up-to-date. Trying to read.
2024-03-11 21:46:23,127 [Worker-10: Building] INFO  o.a.m.s.f.DefaultMavenResourcesFiltering - Copying 0 resource from src\main\resources to target\classes
2024-03-11 21:46:23,139 [Worker-10: Building] INFO  o.a.m.s.f.DefaultMavenResourcesFiltering - Copying 0 resource from src\test\resources to target\test-classes
2024-03-11 21:48:50,482 [Worker-6: Building] INFO  o.a.m.s.f.DefaultMavenResourcesFiltering - Copying 0 resource from src\main\resources to target\classes
2024-03-11 21:48:50,487 [Worker-6: Building] INFO  o.a.m.s.f.DefaultMavenResourcesFiltering - Copying 0 resource from src\test\resources to target\test-classes
2024-03-11 21:55:38,452 [Worker-4: Building] INFO  o.a.m.s.f.DefaultMavenResourcesFiltering - Copying 0 resource from src\main\resources to target\classes
2024-03-11 21:55:38,457 [Worker-4: Building] INFO  o.a.m.s.f.DefaultMavenResourcesFiltering - Copying 0 resource from src\test\resources to target\test-classes
2024-03-11 21:56:49,074 [Worker-3: Launching App (1)] INFO  o.a.m.s.f.DefaultMavenResourcesFiltering - Copying 0 resource from src\main\resources to target\classes
2024-03-11 21:56:49,080 [Worker-3: Launching App (1)] INFO  o.a.m.s.f.DefaultMavenResourcesFiltering - Copying 0 resource from src\test\resources to target\test-classes
2024-03-11 21:58:04,042 [Worker-6: Building] INFO  o.a.m.s.f.DefaultMavenResourcesFiltering - Copying 0 resource from src\main\resources to target\classes
2024-03-11 21:58:04,047 [Worker-6: Building] INFO  o.a.m.s.f.DefaultMavenResourcesFiltering - Copying 0 resource from src\test\resources to target\test-classes
2024-03-11 22:02:07,406 [Worker-14: Building] INFO  o.a.m.s.f.DefaultMavenResourcesFiltering - Copying 0 resource from src\main\resources to target\classes
2024-03-11 22:02:07,410 [Worker-14: Building] INFO  o.a.m.s.f.DefaultMavenResourcesFiltering - Copying 0 resource from src\test\resources to target\test-classes
2024-03-11 22:03:32,407 [Worker-14: Building] INFO  o.a.m.s.f.DefaultMavenResourcesFiltering - Copying 0 resource from src\main\resources to target\classes
2024-03-11 22:03:32,411 [Worker-14: Building] INFO  o.a.m.s.f.DefaultMavenResourcesFiltering - Copying 0 resource from src\test\resources to target\test-classes
2024-03-11 22:04:53,785 [Worker-14: Building] INFO  o.a.m.s.f.DefaultMavenResourcesFiltering - Copying 0 resource from src\main\resources to target\classes
2024-03-11 22:04:53,791 [Worker-14: Building] INFO  o.a.m.s.f.DefaultMavenResourcesFiltering - Copying 0 resource from src\test\resources to target\test-classes
2024-03-11 22:34:14,488 [Worker-20: Building] INFO  o.a.m.s.f.DefaultMavenResourcesFiltering - Copying 0 resource from src\main\resources to target\classes
2024-03-11 22:34:14,492 [Worker-20: Building] INFO  o.a.m.s.f.DefaultMavenResourcesFiltering - Copying 0 resource from src\test\resources to target\test-classes
2024-03-11 22:34:48,431 [Worker-16: Building] INFO  o.a.m.s.f.DefaultMavenResourcesFiltering - Copying 0 resource from src\main\resources to target\classes
2024-03-11 22:34:48,436 [Worker-16: Building] INFO  o.a.m.s.f.DefaultMavenResourcesFiltering - Copying 0 resource from src\test\resources to target\test-classes
2024-03-11 22:38:23,410 [Worker-16: Building] INFO  o.a.m.s.f.DefaultMavenResourcesFiltering - Copying 0 resource from src\main\resources to target\classes
2024-03-11 22:38:23,414 [Worker-16: Building] INFO  o.a.m.s.f.DefaultMavenResourcesFiltering - Copying 0 resource from src\test\resources to target\test-classes
2024-03-11 22:38:28,003 [Worker-20: Building] INFO  o.a.m.s.f.DefaultMavenResourcesFiltering - Copying 0 resource from src\main\resources to target\classes
2024-03-11 22:38:28,008 [Worker-20: Building] INFO  o.a.m.s.f.DefaultMavenResourcesFiltering - Copying 0 resource from src\test\resources to target\test-classes
2024-03-11 22:40:36,135 [Worker-16: Building] INFO  o.a.m.s.f.DefaultMavenResourcesFiltering - Copying 0 resource from src\main\resources to target\classes
2024-03-11 22:40:36,139 [Worker-16: Building] INFO  o.a.m.s.f.DefaultMavenResourcesFiltering - Copying 0 resource from src\test\resources to target\test-classes
2024-03-14 08:56:14,355 [Worker-0: Loading available Gradle versions] INFO  o.e.b.c.i.u.g.PublishedGradleVersions - Gradle version information cache is up-to-date. Trying to read.
2024-03-15 08:56:51,458 [Worker-7: Loading available Gradle versions] INFO  o.e.b.c.i.u.g.PublishedGradleVersions - Gradle version information cache is out-of-date. Trying to update.
2024-03-15 08:56:58,707 [Worker-7: Building] INFO  o.a.m.s.f.DefaultMavenResourcesFiltering - Copying 0 resource from src\main\resources to target\classes
2024-03-15 08:56:58,715 [Worker-7: Building] INFO  o.a.m.s.f.DefaultMavenResourcesFiltering - Copying 1 resource from src\test\resources to target\test-classes
2024-03-15 08:57:00,537 [Worker-7: Building] INFO  o.a.m.s.f.DefaultMavenResourcesFiltering - Copying 0 resource from src\main\resources to target\classes
2024-03-15 08:57:00,544 [Worker-7: Building] INFO  o.a.m.s.f.DefaultMavenResourcesFiltering - Copying 0 resource from src\test\resources to target\test-classes
2024-03-15 08:57:01,091 [Worker-7: Building] INFO  o.a.m.s.f.DefaultMavenResourcesFiltering - Copying 0 resource from src\main\resources to target\classes
2024-03-15 08:57:01,097 [Worker-7: Building] INFO  o.a.m.s.f.DefaultMavenResourcesFiltering - Copying 0 resource from src\test\resources to target\test-classes
2024-03-15 08:57:02,139 [Worker-7: Building] INFO  o.a.m.s.f.DefaultMavenResourcesFiltering - Copying 0 resource from src\main\resources to target\classes
2024-03-15 08:57:02,144 [Worker-7: Building] INFO  o.a.m.s.f.DefaultMavenResourcesFiltering - Copying 0 resource from src\test\resources to target\test-classes
2024-03-15 09:02:14,192 [Worker-18: Building] INFO  o.a.m.s.f.DefaultMavenResourcesFiltering - Copying 0 resource from src\main\resources to target\classes
2024-03-15 09:02:14,196 [Worker-18: Building] INFO  o.a.m.s.f.DefaultMavenResourcesFiltering - Copying 0 resource from src\test\resources to target\test-classes
2024-03-15 09:03:20,398 [Worker-18: Building] INFO  o.a.m.s.f.DefaultMavenResourcesFiltering - Copying 0 resource from src\main\resources to target\classes
2024-03-15 09:03:20,402 [Worker-18: Building] INFO  o.a.m.s.f.DefaultMavenResourcesFiltering - Copying 0 resource from src\test\resources to target\test-classes
2024-03-15 09:03:49,166 [Worker-20: Building] INFO  o.a.m.s.f.DefaultMavenResourcesFiltering - Copying 0 resource from src\main\resources to target\classes
2024-03-15 09:03:49,170 [Worker-20: Building] INFO  o.a.m.s.f.DefaultMavenResourcesFiltering - Copying 0 resource from src\test\resources to target\test-classes
2024-03-15 09:30:12,004 [Worker-20: Building] INFO  o.a.m.s.f.DefaultMavenResourcesFiltering - Copying 0 resource from src\main\resources to target\classes
2024-03-15 09:30:12,010 [Worker-20: Building] INFO  o.a.m.s.f.DefaultMavenResourcesFiltering - Copying 0 resource from src\test\resources to target\test-classes
2024-03-15 09:32:13,272 [Worker-24: Building] INFO  o.a.m.s.f.DefaultMavenResourcesFiltering - Copying 0 resource from src\main\resources to target\classes
2024-03-15 09:32:13,277 [Worker-24: Building] INFO  o.a.m.s.f.DefaultMavenResourcesFiltering - Copying 0 resource from src\test\resources to target\test-classes
2024-03-15 09:33:48,918 [Worker-23: Building] INFO  o.a.m.s.f.DefaultMavenResourcesFiltering - Copying 0 resource from src\main\resources to target\classes
2024-03-15 09:33:48,923 [Worker-23: Building] INFO  o.a.m.s.f.DefaultMavenResourcesFiltering - Copying 0 resource from src\test\resources to target\test-classes
2024-03-15 09:44:31,929 [Worker-25: Building] INFO  o.a.m.s.f.DefaultMavenResourcesFiltering - Copying 0 resource from src\main\resources to target\classes
2024-03-15 09:44:31,933 [Worker-25: Building] INFO  o.a.m.s.f.DefaultMavenResourcesFiltering - Copying 0 resource from src\test\resources to target\test-classes
2024-03-15 09:49:37,629 [Worker-25: Building] INFO  o.a.m.s.f.DefaultMavenResourcesFiltering - Copying 0 resource from src\main\resources to target\classes
2024-03-15 09:49:37,633 [Worker-25: Building] INFO  o.a.m.s.f.DefaultMavenResourcesFiltering - Copying 0 resource from src\test\resources to target\test-classes
2024-03-15 10:00:05,824 [Worker-29: Building] INFO  o.a.m.s.f.DefaultMavenResourcesFiltering - Copying 0 resource from src\main\resources to target\classes
2024-03-15 10:00:05,828 [Worker-29: Building] INFO  o.a.m.s.f.DefaultMavenResourcesFiltering - Copying 0 resource from src\test\resources to target\test-classes
2024-03-15 10:05:16,958 [Worker-29: Building] INFO  o.a.m.s.f.DefaultMavenResourcesFiltering - Copying 0 resource from src\main\resources to target\classes
2024-03-15 10:05:16,963 [Worker-29: Building] INFO  o.a.m.s.f.DefaultMavenResourcesFiltering - Copying 0 resource from src\test\resources to target\test-classes
2024-03-15 10:05:17,019 [Worker-29: Building] INFO  o.a.m.s.f.DefaultMavenResourcesFiltering - Copying 0 resource from src\main\resources to target\classes
2024-03-15 10:05:17,035 [Worker-29: Building] INFO  o.a.m.s.f.DefaultMavenResourcesFiltering - Copying 0 resource from src\test\resources to target\test-classes
